<?xml version="1.0" encoding="UTF-8"?>
<!-- Generated by org.testng.reporters.JUnitReportReporter -->
<testsuite hostname="pankaj-admin" failures="0" tests="1" name="com.mavenforjenkins1.Sample" time="34.547" errors="0" timestamp="2024-08-16T17:17:17 IST" skipped="0">
  <testcase classname="com.mavenforjenkins1.Sample" name="startTesting" time="34.547"/>
  <system-out/>
</testsuite> <!-- com.mavenforjenkins1.Sample -->
