<?xml version="1.0" encoding="UTF-8"?>
<!-- Generated by org.testng.reporters.JUnitReportReporter -->
<testsuite hostname="pankaj-admin" failures="0" tests="1" name="com.mavenforjenkins1.Sample" time="9.241" errors="0" timestamp="2024-08-18T00:10:22 IST" skipped="0">
  <testcase classname="com.mavenforjenkins1.Sample" name="startTesting" time="9.241"/>
  <system-out/>
</testsuite> <!-- com.mavenforjenkins1.Sample -->
